0 info it worked if it ends with ok
1 verbose cli [ '/home/slooker/.nvm/versions/io.js/v1.0.3/bin/iojs',
1 verbose cli   '/home/slooker/.nvm/versions/io.js/v1.0.3/bin/npm',
1 verbose cli   'install' ]
2 info using npm@2.2.0
3 info using node@v1.0.3
4 error install Couldn't read dependencies
5 verbose stack Error: Invalid name: "Bass Videos"
5 verbose stack     at ensureValidName (/home/slooker/.nvm/versions/io.js/v1.0.3/lib/node_modules/npm/node_modules/normalize-package-data/lib/fixer.js:322:15)
5 verbose stack     at Object.module.exports.fixNameField (/home/slooker/.nvm/versions/io.js/v1.0.3/lib/node_modules/npm/node_modules/normalize-package-data/lib/fixer.js:211:5)
5 verbose stack     at /home/slooker/.nvm/versions/io.js/v1.0.3/lib/node_modules/npm/node_modules/normalize-package-data/lib/normalize.js:30:38
5 verbose stack     at Array.forEach (native)
5 verbose stack     at normalize (/home/slooker/.nvm/versions/io.js/v1.0.3/lib/node_modules/npm/node_modules/normalize-package-data/lib/normalize.js:29:15)
5 verbose stack     at final (/home/slooker/.nvm/versions/io.js/v1.0.3/lib/node_modules/npm/node_modules/read-package-json/read-json.js:342:33)
5 verbose stack     at then (/home/slooker/.nvm/versions/io.js/v1.0.3/lib/node_modules/npm/node_modules/read-package-json/read-json.js:126:33)
5 verbose stack     at /home/slooker/.nvm/versions/io.js/v1.0.3/lib/node_modules/npm/node_modules/read-package-json/read-json.js:331:40
5 verbose stack     at evalmachine.<anonymous>:314:14
5 verbose stack     at /home/slooker/.nvm/versions/io.js/v1.0.3/lib/node_modules/npm/node_modules/graceful-fs/graceful-fs.js:102:5
6 verbose cwd /home/slooker/bass-videos
7 error Linux 3.13.0-37-generic
8 error argv "/home/slooker/.nvm/versions/io.js/v1.0.3/bin/iojs" "/home/slooker/.nvm/versions/io.js/v1.0.3/bin/npm" "install"
9 error node v1.0.3
10 error npm  v2.2.0
11 error Invalid name: "Bass Videos"
12 error If you need help, you may report this error at:
12 error     <http://github.com/npm/npm/issues>
13 verbose exit [ 1, true ]
